app/build/intermediates/manifest_merge_blame_file/proguard/manifest-merger-blame-proguard-report.txt
1<?xml version="1.0" encoding="utf-8"?>
2<manifest xmlns:android="http://schemas.android.com/apk/res/android"
3    package="com.google.mlkit.vision.demo"
4    android:installLocation="auto"
5    android:versionCode="11"
6    android:versionName="1.11" >
7    <!--
8 CameraX libraries require minSdkVersion 21, while this quickstart app
9    supports low to 16. Needs to use overrideLibrary to make the merger tool
10    ignore this conflict and import the libraries while keeping the app's lower
11    minSdkVersion value. In code, will check SDK version, before calling CameraX
12    APIs.
13    -->
14    <uses-sdk
14-->src/main/AndroidManifest.xml:13:5-16:63
15        android:minSdkVersion="16"
15-->src/main/AndroidManifest.xml:13:5-16:63
16        android:targetSdkVersion="29" />
16-->src/main/AndroidManifest.xml:13:5-16:63
17
18    <uses-feature android:name="android.hardware.camera" />
18-->src/main/AndroidManifest.xml:18:5-59
18-->src/main/AndroidManifest.xml:18:19-57
19
20    <uses-permission android:name="android.permission.INTERNET" />
20-->src/main/AndroidManifest.xml:20:5-66
20-->src/main/AndroidManifest.xml:20:22-64
21    <uses-permission android:name="android.permission.WRITE_EXTERNAL_STORAGE" />
21-->src/main/AndroidManifest.xml:21:5-80
21-->src/main/AndroidManifest.xml:21:22-78
22    <uses-permission android:name="android.permission.READ_EXTERNAL_STORAGE" />
22-->src/main/AndroidManifest.xml:22:5-79
22-->src/main/AndroidManifest.xml:22:22-77
23    <uses-permission android:name="android.permission.CAMERA" />
23-->src/main/AndroidManifest.xml:23:5-64
23-->src/main/AndroidManifest.xml:23:22-62
24
25    <!-- Although the *SdkVersion is captured in gradle build files, this is required for non gradle builds -->
26    <!-- <uses-sdk android:minSdkVersion="14"/> -->
27    <uses-permission android:name="android.permission.ACCESS_NETWORK_STATE" />
27-->[com.google.android.datatransport:transport-backend-cct:2.3.2] AndroidManifest.xml:25:5-79
27-->[com.google.android.datatransport:transport-backend-cct:2.3.2] AndroidManifest.xml:25:22-76
28
29    <application
29-->src/main/AndroidManifest.xml:25:5-54:19
30        android:name="androidx.multidex.MultiDexApplication"
30-->src/main/AndroidManifest.xml:26:9-61
31        android:appComponentFactory="androidx.core.app.CoreComponentFactory"
31-->[androidx.core:core:1.3.1] AndroidManifest.xml:24:18-86
32        android:icon="@drawable/logo_mlkit"
32-->src/main/AndroidManifest.xml:27:9-44
33        android:label="@string/app_name"
33-->src/main/AndroidManifest.xml:28:9-41
34        android:testOnly="true"
35        android:theme="@style/Theme.AppCompat" >
35-->src/main/AndroidManifest.xml:29:9-47
36        <meta-data
36-->src/main/AndroidManifest.xml:31:9-33:68
37            android:name="com.google.android.gms.version"
37-->src/main/AndroidManifest.xml:32:13-58
38            android:value="@integer/google_play_services_version" />
38-->src/main/AndroidManifest.xml:33:13-66
39
40        <!--
41          Optional: Add it to automatically download ML model to device after
42          your app is installed.
43        -->
44        <meta-data
44-->src/main/AndroidManifest.xml:37:9-39:51
45            android:name="com.google.mlkit.vision.DEPENDENCIES"
45-->src/main/AndroidManifest.xml:38:13-64
46            android:value="barcode,face,ocr,ica" />
46-->src/main/AndroidManifest.xml:39:13-49
47
48        <activity
48-->src/main/AndroidManifest.xml:41:9-49:20
49            android:name="com.google.mlkit.vision.demo.java.LivePreviewActivity"
49-->src/main/AndroidManifest.xml:42:13-53
50            android:exported="true"
50-->src/main/AndroidManifest.xml:43:13-36
51            android:theme="@style/AppTheme" >
51-->src/main/AndroidManifest.xml:44:13-44
52            <intent-filter>
52-->src/main/AndroidManifest.xml:45:13-48:29
53                <action android:name="android.intent.action.MAIN" />
53-->src/main/AndroidManifest.xml:46:17-68
53-->src/main/AndroidManifest.xml:46:25-66
54
55                <category android:name="android.intent.category.LAUNCHER" />
55-->src/main/AndroidManifest.xml:47:17-76
55-->src/main/AndroidManifest.xml:47:27-74
56            </intent-filter>
57        </activity>
58        <activity
58-->src/main/AndroidManifest.xml:50:9-52:39
59            android:name="com.google.mlkit.vision.demo.preference.SettingsActivity"
59-->src/main/AndroidManifest.xml:51:13-56
60            android:exported="false" />
60-->src/main/AndroidManifest.xml:52:13-37
61
62        <service
62-->[com.google.mlkit:object-detection:16.2.3] AndroidManifest.xml:8:9-14:19
63            android:name="com.google.mlkit.common.internal.MlKitComponentDiscoveryService"
63-->[com.google.mlkit:object-detection:16.2.3] AndroidManifest.xml:9:13-91
64            android:directBootAware="true"
64-->[com.google.mlkit:common:17.1.1] AndroidManifest.xml:17:13-43
65            android:exported="false" >
65-->[com.google.mlkit:object-detection:16.2.3] AndroidManifest.xml:10:13-37
66            <meta-data
66-->[com.google.mlkit:object-detection:16.2.3] AndroidManifest.xml:11:13-13:85
67                android:name="com.google.firebase.components:com.google.mlkit.vision.objects.defaults.internal.DefaultObjectsRegistrar"
67-->[com.google.mlkit:object-detection:16.2.3] AndroidManifest.xml:12:17-136
68                android:value="com.google.firebase.components.ComponentRegistrar" />
68-->[com.google.mlkit:object-detection:16.2.3] AndroidManifest.xml:13:17-82
69            <meta-data
69-->[com.google.mlkit:object-detection-custom:16.3.1] AndroidManifest.xml:11:13-13:85
70                android:name="com.google.firebase.components:com.google.mlkit.vision.objects.custom.internal.CustomObjectsRegistrar"
70-->[com.google.mlkit:object-detection-custom:16.3.1] AndroidManifest.xml:12:17-133
71                android:value="com.google.firebase.components.ComponentRegistrar" />
71-->[com.google.mlkit:object-detection-custom:16.3.1] AndroidManifest.xml:13:17-82
72            <meta-data
72-->[com.google.android.gms:play-services-mlkit-text-recognition:16.1.3] AndroidManifest.xml:12:13-14:85
73                android:name="com.google.firebase.components:com.google.mlkit.vision.text.internal.TextRegistrar"
73-->[com.google.android.gms:play-services-mlkit-text-recognition:16.1.3] AndroidManifest.xml:13:17-114
74                android:value="com.google.firebase.components.ComponentRegistrar" />
74-->[com.google.android.gms:play-services-mlkit-text-recognition:16.1.3] AndroidManifest.xml:14:17-82
75            <meta-data
75-->[com.google.mlkit:image-labeling:17.0.2] AndroidManifest.xml:11:13-13:85
76                android:name="com.google.firebase.components:com.google.mlkit.vision.label.defaults.internal.BundledLabelRegistrar"
76-->[com.google.mlkit:image-labeling:17.0.2] AndroidManifest.xml:12:17-132
77                android:value="com.google.firebase.components.ComponentRegistrar" />
77-->[com.google.mlkit:image-labeling:17.0.2] AndroidManifest.xml:13:17-82
78            <meta-data
78-->[com.google.mlkit:image-labeling-custom:16.3.1] AndroidManifest.xml:11:13-13:85
79                android:name="com.google.firebase.components:com.google.mlkit.vision.label.custom.internal.CustomLabelRegistrar"
79-->[com.google.mlkit:image-labeling-custom:16.3.1] AndroidManifest.xml:12:17-129
80                android:value="com.google.firebase.components.ComponentRegistrar" />
80-->[com.google.mlkit:image-labeling-custom:16.3.1] AndroidManifest.xml:13:17-82
81            <meta-data
81-->[com.google.android.gms:play-services-mlkit-barcode-scanning:16.1.4] AndroidManifest.xml:12:13-14:85
82                android:name="com.google.firebase.components:com.google.mlkit.vision.barcode.internal.BarcodeRegistrar"
82-->[com.google.android.gms:play-services-mlkit-barcode-scanning:16.1.4] AndroidManifest.xml:13:17-120
83                android:value="com.google.firebase.components.ComponentRegistrar" />
83-->[com.google.android.gms:play-services-mlkit-barcode-scanning:16.1.4] AndroidManifest.xml:14:17-82
84            <meta-data
84-->[com.google.mlkit:vision-internal-vkp:18.0.0] AndroidManifest.xml:11:13-13:85
85                android:name="com.google.firebase.components:com.google.mlkit.vision.vkp.VkpRegistrar"
85-->[com.google.mlkit:vision-internal-vkp:18.0.0] AndroidManifest.xml:12:17-103
86                android:value="com.google.firebase.components.ComponentRegistrar" />
86-->[com.google.mlkit:vision-internal-vkp:18.0.0] AndroidManifest.xml:13:17-82
87            <meta-data
87-->[com.google.android.gms:play-services-mlkit-face-detection:16.1.3] AndroidManifest.xml:12:13-14:85
88                android:name="com.google.firebase.components:com.google.mlkit.vision.face.internal.FaceRegistrar"
88-->[com.google.android.gms:play-services-mlkit-face-detection:16.1.3] AndroidManifest.xml:13:17-114
89                android:value="com.google.firebase.components.ComponentRegistrar" />
89-->[com.google.android.gms:play-services-mlkit-face-detection:16.1.3] AndroidManifest.xml:14:17-82
90            <meta-data
90-->[com.google.mlkit:pose-detection-common:17.1.0-beta1] AndroidManifest.xml:11:13-13:85
91                android:name="com.google.firebase.components:com.google.mlkit.vision.pose.internal.PoseRegistrar"
91-->[com.google.mlkit:pose-detection-common:17.1.0-beta1] AndroidManifest.xml:12:17-114
92                android:value="com.google.firebase.components.ComponentRegistrar" />
92-->[com.google.mlkit:pose-detection-common:17.1.0-beta1] AndroidManifest.xml:13:17-82
93            <meta-data
93-->[com.google.mlkit:vision-common:16.3.0] AndroidManifest.xml:12:13-14:85
94                android:name="com.google.firebase.components:com.google.mlkit.vision.common.internal.VisionCommonRegistrar"
94-->[com.google.mlkit:vision-common:16.3.0] AndroidManifest.xml:13:17-124
95                android:value="com.google.firebase.components.ComponentRegistrar" />
95-->[com.google.mlkit:vision-common:16.3.0] AndroidManifest.xml:14:17-82
96            <meta-data
96-->[com.google.mlkit:common:17.1.1] AndroidManifest.xml:20:13-22:85
97                android:name="com.google.firebase.components:com.google.mlkit.common.internal.CommonComponentRegistrar"
97-->[com.google.mlkit:common:17.1.1] AndroidManifest.xml:21:17-120
98                android:value="com.google.firebase.components.ComponentRegistrar" />
98-->[com.google.mlkit:common:17.1.1] AndroidManifest.xml:22:17-82
99        </service>
100
101        <provider
101-->[com.google.mlkit:common:17.1.1] AndroidManifest.xml:9:9-13:38
102            android:name="com.google.mlkit.common.internal.MlKitInitProvider"
102-->[com.google.mlkit:common:17.1.1] AndroidManifest.xml:10:13-78
103            android:authorities="com.google.mlkit.vision.demo.mlkitinitprovider"
103-->[com.google.mlkit:common:17.1.1] AndroidManifest.xml:11:13-69
104            android:exported="false"
104-->[com.google.mlkit:common:17.1.1] AndroidManifest.xml:12:13-37
105            android:initOrder="99" />
105-->[com.google.mlkit:common:17.1.1] AndroidManifest.xml:13:13-35
106
107        <activity
107-->[com.google.android.gms:play-services-base:17.4.0] AndroidManifest.xml:23:9-26:75
108            android:name="com.google.android.gms.common.api.GoogleApiActivity"
108-->[com.google.android.gms:play-services-base:17.4.0] AndroidManifest.xml:24:13-79
109            android:exported="false"
109-->[com.google.android.gms:play-services-base:17.4.0] AndroidManifest.xml:25:13-37
110            android:theme="@android:style/Theme.Translucent.NoTitleBar" />
110-->[com.google.android.gms:play-services-base:17.4.0] AndroidManifest.xml:26:13-72
111
112        <service
112-->[com.google.android.datatransport:transport-backend-cct:2.3.2] AndroidManifest.xml:29:9-35:19
113            android:name="com.google.android.datatransport.runtime.backends.TransportBackendDiscovery"
113-->[com.google.android.datatransport:transport-backend-cct:2.3.2] AndroidManifest.xml:30:13-103
114            android:exported="false" >
114-->[com.google.android.datatransport:transport-backend-cct:2.3.2] AndroidManifest.xml:31:13-37
115            <meta-data
115-->[com.google.android.datatransport:transport-backend-cct:2.3.2] AndroidManifest.xml:32:13-34:39
116                android:name="backend:com.google.android.datatransport.cct.CctBackendFactory"
116-->[com.google.android.datatransport:transport-backend-cct:2.3.2] AndroidManifest.xml:33:17-94
117                android:value="cct" />
117-->[com.google.android.datatransport:transport-backend-cct:2.3.2] AndroidManifest.xml:34:17-36
118        </service>
119        <service
119-->[com.google.android.datatransport:transport-runtime:2.2.5] AndroidManifest.xml:26:9-30:19
120            android:name="com.google.android.datatransport.runtime.scheduling.jobscheduling.JobInfoSchedulerService"
120-->[com.google.android.datatransport:transport-runtime:2.2.5] AndroidManifest.xml:27:13-117
121            android:exported="false"
121-->[com.google.android.datatransport:transport-runtime:2.2.5] AndroidManifest.xml:28:13-37
122            android:permission="android.permission.BIND_JOB_SERVICE" >
122-->[com.google.android.datatransport:transport-runtime:2.2.5] AndroidManifest.xml:29:13-69
123        </service>
124
125        <receiver
125-->[com.google.android.datatransport:transport-runtime:2.2.5] AndroidManifest.xml:32:9-34:40
126            android:name="com.google.android.datatransport.runtime.scheduling.jobscheduling.AlarmManagerSchedulerBroadcastReceiver"
126-->[com.google.android.datatransport:transport-runtime:2.2.5] AndroidManifest.xml:33:13-132
127            android:exported="false" />
127-->[com.google.android.datatransport:transport-runtime:2.2.5] AndroidManifest.xml:34:13-37
128
129        <provider
129-->[androidx.lifecycle:lifecycle-process:2.1.0] AndroidManifest.xml:23:9-27:43
130            android:name="androidx.lifecycle.ProcessLifecycleOwnerInitializer"
130-->[androidx.lifecycle:lifecycle-process:2.1.0] AndroidManifest.xml:24:13-79
131            android:authorities="com.google.mlkit.vision.demo.lifecycle-process"
131-->[androidx.lifecycle:lifecycle-process:2.1.0] AndroidManifest.xml:25:13-69
132            android:exported="false"
132-->[androidx.lifecycle:lifecycle-process:2.1.0] AndroidManifest.xml:26:13-37
133            android:multiprocess="true" />
133-->[androidx.lifecycle:lifecycle-process:2.1.0] AndroidManifest.xml:27:13-40
134    </application>
135
136</manifest>